[2016-11-07 17:42:48] local.ERROR: PDOException: SQLSTATE[42S02]: Base table or view not found: 1146 Table 'redehubng_basic_portal.sessions' doesn't exist in C:\xampp\htdocs\schoolite-offline-v1\vendor\laravel\framework\src\Illuminate\Database\Connection.php:333
Stack trace:
#0 C:\xampp\htdocs\schoolite-offline-v1\vendor\laravel\framework\src\Illuminate\Database\Connection.php(333): PDO->prepare('select * from `...')
#1 C:\xampp\htdocs\schoolite-offline-v1\vendor\laravel\framework\src\Illuminate\Database\Connection.php(754): Illuminate\Database\Connection->Illuminate\Database\{closure}(Object(Illuminate\Database\MySqlConnection), 'select * from `...', Array)
#2 C:\xampp\htdocs\schoolite-offline-v1\vendor\laravel\framework\src\Illuminate\Database\Connection.php(717): Illuminate\Database\Connection->runQueryCallback('select * from `...', Array, Object(Closure))
#3 C:\xampp\htdocs\schoolite-offline-v1\vendor\laravel\framework\src\Illuminate\Database\Connection.php(351): Illuminate\Database\Connection->run('select * from `...', Array, Object(Closure))
#4 C:\xampp\htdocs\schoolite-offline-v1\vendor\laravel\framework\src\Illuminate\Database\Query\Builder.php(1648): Illuminate\Database\Connection->select('select * from `...', Array, true)
#5 C:\xampp\htdocs\schoolite-offline-v1\vendor\laravel\framework\src\Illuminate\Database\Query\Builder.php(1634): Illuminate\Database\Query\Builder->runSelect()
#6 C:\xampp\htdocs\schoolite-offline-v1\vendor\laravel\framework\src\Illuminate\Database\Eloquent\Builder.php(613): Illuminate\Database\Query\Builder->get(Array)
#7 C:\xampp\htdocs\schoolite-offline-v1\vendor\laravel\framework\src\Illuminate\Database\Eloquent\Builder.php(318): Illuminate\Database\Eloquent\Builder->getModels(Array)
#8 C:\xampp\htdocs\schoolite-offline-v1\vendor\laravel\framework\src\Illuminate\Database\Eloquent\Builder.php(288): Illuminate\Database\Eloquent\Builder->get(Array)
#9 C:\xampp\htdocs\schoolite-offline-v1\app\Providers\AppServiceProvider.php(18): Illuminate\Database\Eloquent\Builder->first()
#10 [internal function]: App\Providers\AppServiceProvider->boot()
#11 C:\xampp\htdocs\schoolite-offline-v1\vendor\laravel\framework\src\Illuminate\Container\Container.php(508): call_user_func_array(Array, Array)
#12 C:\xampp\htdocs\schoolite-offline-v1\vendor\laravel\framework\src\Illuminate\Foundation\Application.php(769): Illuminate\Container\Container->call(Array)
#13 C:\xampp\htdocs\schoolite-offline-v1\vendor\laravel\framework\src\Illuminate\Foundation\Application.php(752): Illuminate\Foundation\Application->bootProvider(Object(App\Providers\AppServiceProvider))
#14 [internal function]: Illuminate\Foundation\Application->Illuminate\Foundation\{closure}(Object(App\Providers\AppServiceProvider), 12)
#15 C:\xampp\htdocs\schoolite-offline-v1\vendor\laravel\framework\src\Illuminate\Foundation\Application.php(753): array_walk(Array, Object(Closure))
#16 C:\xampp\htdocs\schoolite-offline-v1\vendor\laravel\framework\src\Illuminate\Foundation\Bootstrap\BootProviders.php(17): Illuminate\Foundation\Application->boot()
#17 C:\xampp\htdocs\schoolite-offline-v1\vendor\laravel\framework\src\Illuminate\Foundation\Application.php(203): Illuminate\Foundation\Bootstrap\BootProviders->bootstrap(Object(Illuminate\Foundation\Application))
#18 C:\xampp\htdocs\schoolite-offline-v1\vendor\laravel\framework\src\Illuminate\Foundation\Console\Kernel.php(262): Illuminate\Foundation\Application->bootstrapWith(Array)
#19 C:\xampp\htdocs\schoolite-offline-v1\vendor\laravel\framework\src\Illuminate\Foundation\Console\Kernel.php(114): Illuminate\Foundation\Console\Kernel->bootstrap()
#20 C:\xampp\htdocs\schoolite-offline-v1\artisan(35): Illuminate\Foundation\Console\Kernel->handle(Object(Symfony\Component\Console\Input\ArgvInput), Object(Symfony\Component\Console\Output\ConsoleOutput))
#21 {main}

Next Illuminate\Database\QueryException: SQLSTATE[42S02]: Base table or view not found: 1146 Table 'redehubng_basic_portal.sessions' doesn't exist (SQL: select * from `sessions` where `status` = active limit 1) in C:\xampp\htdocs\schoolite-offline-v1\vendor\laravel\framework\src\Illuminate\Database\Connection.php:761
Stack trace:
#0 C:\xampp\htdocs\schoolite-offline-v1\vendor\laravel\framework\src\Illuminate\Database\Connection.php(717): Illuminate\Database\Connection->runQueryCallback('select * from `...', Array, Object(Closure))
#1 C:\xampp\htdocs\schoolite-offline-v1\vendor\laravel\framework\src\Illuminate\Database\Connection.php(351): Illuminate\Database\Connection->run('select * from `...', Array, Object(Closure))
#2 C:\xampp\htdocs\schoolite-offline-v1\vendor\laravel\framework\src\Illuminate\Database\Query\Builder.php(1648): Illuminate\Database\Connection->select('select * from `...', Array, true)
#3 C:\xampp\htdocs\schoolite-offline-v1\vendor\laravel\framework\src\Illuminate\Database\Query\Builder.php(1634): Illuminate\Database\Query\Builder->runSelect()
#4 C:\xampp\htdocs\schoolite-offline-v1\vendor\laravel\framework\src\Illuminate\Database\Eloquent\Builder.php(613): Illuminate\Database\Query\Builder->get(Array)
#5 C:\xampp\htdocs\schoolite-offline-v1\vendor\laravel\framework\src\Illuminate\Database\Eloquent\Builder.php(318): Illuminate\Database\Eloquent\Builder->getModels(Array)
#6 C:\xampp\htdocs\schoolite-offline-v1\vendor\laravel\framework\src\Illuminate\Database\Eloquent\Builder.php(288): Illuminate\Database\Eloquent\Builder->get(Array)
#7 C:\xampp\htdocs\schoolite-offline-v1\app\Providers\AppServiceProvider.php(18): Illuminate\Database\Eloquent\Builder->first()
#8 [internal function]: App\Providers\AppServiceProvider->boot()
#9 C:\xampp\htdocs\schoolite-offline-v1\vendor\laravel\framework\src\Illuminate\Container\Container.php(508): call_user_func_array(Array, Array)
#10 C:\xampp\htdocs\schoolite-offline-v1\vendor\laravel\framework\src\Illuminate\Foundation\Application.php(769): Illuminate\Container\Container->call(Array)
#11 C:\xampp\htdocs\schoolite-offline-v1\vendor\laravel\framework\src\Illuminate\Foundation\Application.php(752): Illuminate\Foundation\Application->bootProvider(Object(App\Providers\AppServiceProvider))
#12 [internal function]: Illuminate\Foundation\Application->Illuminate\Foundation\{closure}(Object(App\Providers\AppServiceProvider), 12)
#13 C:\xampp\htdocs\schoolite-offline-v1\vendor\laravel\framework\src\Illuminate\Foundation\Application.php(753): array_walk(Array, Object(Closure))
#14 C:\xampp\htdocs\schoolite-offline-v1\vendor\laravel\framework\src\Illuminate\Foundation\Bootstrap\BootProviders.php(17): Illuminate\Foundation\Application->boot()
#15 C:\xampp\htdocs\schoolite-offline-v1\vendor\laravel\framework\src\Illuminate\Foundation\Application.php(203): Illuminate\Foundation\Bootstrap\BootProviders->bootstrap(Object(Illuminate\Foundation\Application))
#16 C:\xampp\htdocs\schoolite-offline-v1\vendor\laravel\framework\src\Illuminate\Foundation\Console\Kernel.php(262): Illuminate\Foundation\Application->bootstrapWith(Array)
#17 C:\xampp\htdocs\schoolite-offline-v1\vendor\laravel\framework\src\Illuminate\Foundation\Console\Kernel.php(114): Illuminate\Foundation\Console\Kernel->bootstrap()
#18 C:\xampp\htdocs\schoolite-offline-v1\artisan(35): Illuminate\Foundation\Console\Kernel->handle(Object(Symfony\Component\Console\Input\ArgvInput), Object(Symfony\Component\Console\Output\ConsoleOutput))
#19 {main}  
[2016-11-07 17:55:19] local.ERROR: Symfony\Component\Debug\Exception\FatalThrowableError: Class 'App\Providers\App' not found in C:\xampp\htdocs\schoolite-offline-v1\app\Providers\AppServiceProvider.php:18
Stack trace:
#0 [internal function]: App\Providers\AppServiceProvider->boot()
#1 C:\xampp\htdocs\schoolite-offline-v1\vendor\laravel\framework\src\Illuminate\Container\Container.php(508): call_user_func_array(Array, Array)
#2 C:\xampp\htdocs\schoolite-offline-v1\vendor\laravel\framework\src\Illuminate\Foundation\Application.php(769): Illuminate\Container\Container->call(Array)
#3 C:\xampp\htdocs\schoolite-offline-v1\vendor\laravel\framework\src\Illuminate\Foundation\Application.php(752): Illuminate\Foundation\Application->bootProvider(Object(App\Providers\AppServiceProvider))
#4 [internal function]: Illuminate\Foundation\Application->Illuminate\Foundation\{closure}(Object(App\Providers\AppServiceProvider), 12)
#5 C:\xampp\htdocs\schoolite-offline-v1\vendor\laravel\framework\src\Illuminate\Foundation\Application.php(753): array_walk(Array, Object(Closure))
#6 C:\xampp\htdocs\schoolite-offline-v1\vendor\laravel\framework\src\Illuminate\Foundation\Bootstrap\BootProviders.php(17): Illuminate\Foundation\Application->boot()
#7 C:\xampp\htdocs\schoolite-offline-v1\vendor\laravel\framework\src\Illuminate\Foundation\Application.php(203): Illuminate\Foundation\Bootstrap\BootProviders->bootstrap(Object(Illuminate\Foundation\Application))
#8 C:\xampp\htdocs\schoolite-offline-v1\vendor\laravel\framework\src\Illuminate\Foundation\Console\Kernel.php(262): Illuminate\Foundation\Application->bootstrapWith(Array)
#9 C:\xampp\htdocs\schoolite-offline-v1\vendor\laravel\framework\src\Illuminate\Foundation\Console\Kernel.php(114): Illuminate\Foundation\Console\Kernel->bootstrap()
#10 C:\xampp\htdocs\schoolite-offline-v1\artisan(35): Illuminate\Foundation\Console\Kernel->handle(Object(Symfony\Component\Console\Input\ArgvInput), Object(Symfony\Component\Console\Output\ConsoleOutput))
#11 {main}  
[2016-11-07 17:56:13] local.ERROR: Symfony\Component\Debug\Exception\FatalThrowableError: Call to undefined method Illuminate\Foundation\Application::error() in C:\xampp\htdocs\schoolite-offline-v1\vendor\laravel\framework\src\Illuminate\Support\Facades\Facade.php:237
Stack trace:
#0 C:\xampp\htdocs\schoolite-offline-v1\app\Providers\AppServiceProvider.php(24): Illuminate\Support\Facades\Facade::__callStatic('error', Array)
#1 [internal function]: App\Providers\AppServiceProvider->boot()
#2 C:\xampp\htdocs\schoolite-offline-v1\vendor\laravel\framework\src\Illuminate\Container\Container.php(508): call_user_func_array(Array, Array)
#3 C:\xampp\htdocs\schoolite-offline-v1\vendor\laravel\framework\src\Illuminate\Foundation\Application.php(769): Illuminate\Container\Container->call(Array)
#4 C:\xampp\htdocs\schoolite-offline-v1\vendor\laravel\framework\src\Illuminate\Foundation\Application.php(752): Illuminate\Foundation\Application->bootProvider(Object(App\Providers\AppServiceProvider))
#5 [internal function]: Illuminate\Foundation\Application->Illuminate\Foundation\{closure}(Object(App\Providers\AppServiceProvider), 12)
#6 C:\xampp\htdocs\schoolite-offline-v1\vendor\laravel\framework\src\Illuminate\Foundation\Application.php(753): array_walk(Array, Object(Closure))
#7 C:\xampp\htdocs\schoolite-offline-v1\vendor\laravel\framework\src\Illuminate\Foundation\Bootstrap\BootProviders.php(17): Illuminate\Foundation\Application->boot()
#8 C:\xampp\htdocs\schoolite-offline-v1\vendor\laravel\framework\src\Illuminate\Foundation\Application.php(203): Illuminate\Foundation\Bootstrap\BootProviders->bootstrap(Object(Illuminate\Foundation\Application))
#9 C:\xampp\htdocs\schoolite-offline-v1\vendor\laravel\framework\src\Illuminate\Foundation\Console\Kernel.php(262): Illuminate\Foundation\Application->bootstrapWith(Array)
#10 C:\xampp\htdocs\schoolite-offline-v1\vendor\laravel\framework\src\Illuminate\Foundation\Console\Kernel.php(114): Illuminate\Foundation\Console\Kernel->bootstrap()
#11 C:\xampp\htdocs\schoolite-offline-v1\artisan(35): Illuminate\Foundation\Console\Kernel->handle(Object(Symfony\Component\Console\Input\ArgvInput), Object(Symfony\Component\Console\Output\ConsoleOutput))
#12 {main}  
[2016-11-07 18:00:33] local.ERROR: Symfony\Component\Console\Exception\CommandNotFoundException: Command "migrate:make" is not defined.

Did you mean one of these?
    migrate:reset
    migrate
    migrate:install
    migrate:rollback
    migrate:refresh
    migrate:status in C:\xampp\htdocs\schoolite-offline-v1\vendor\symfony\console\Application.php:536
Stack trace:
#0 C:\xampp\htdocs\schoolite-offline-v1\vendor\symfony\console\Application.php(184): Symfony\Component\Console\Application->find('migrate:make')
#1 C:\xampp\htdocs\schoolite-offline-v1\vendor\symfony\console\Application.php(118): Symfony\Component\Console\Application->doRun(Object(Symfony\Component\Console\Input\ArgvInput), Object(Symfony\Component\Console\Output\ConsoleOutput))
#2 C:\xampp\htdocs\schoolite-offline-v1\vendor\laravel\framework\src\Illuminate\Foundation\Console\Kernel.php(122): Symfony\Component\Console\Application->run(Object(Symfony\Component\Console\Input\ArgvInput), Object(Symfony\Component\Console\Output\ConsoleOutput))
#3 C:\xampp\htdocs\schoolite-offline-v1\artisan(35): Illuminate\Foundation\Console\Kernel->handle(Object(Symfony\Component\Console\Input\ArgvInput), Object(Symfony\Component\Console\Output\ConsoleOutput))
#4 {main}  
[2016-11-07 18:00:48] local.ERROR: Symfony\Component\Console\Exception\CommandNotFoundException: Command "migrate:installl" is not defined.

Did you mean one of these?
    migrate:install
    migrate:status
    migrate
    migrate:rollback
    migrate:reset
    migrate:refresh in C:\xampp\htdocs\schoolite-offline-v1\vendor\symfony\console\Application.php:536
Stack trace:
#0 C:\xampp\htdocs\schoolite-offline-v1\vendor\symfony\console\Application.php(184): Symfony\Component\Console\Application->find('migrate:install...')
#1 C:\xampp\htdocs\schoolite-offline-v1\vendor\symfony\console\Application.php(118): Symfony\Component\Console\Application->doRun(Object(Symfony\Component\Console\Input\ArgvInput), Object(Symfony\Component\Console\Output\ConsoleOutput))
#2 C:\xampp\htdocs\schoolite-offline-v1\vendor\laravel\framework\src\Illuminate\Foundation\Console\Kernel.php(122): Symfony\Component\Console\Application->run(Object(Symfony\Component\Console\Input\ArgvInput), Object(Symfony\Component\Console\Output\ConsoleOutput))
#3 C:\xampp\htdocs\schoolite-offline-v1\artisan(35): Illuminate\Foundation\Console\Kernel->handle(Object(Symfony\Component\Console\Input\ArgvInput), Object(Symfony\Component\Console\Output\ConsoleOutput))
#4 {main}  
[2016-11-07 18:03:08] local.ERROR: ErrorException: Trying to get property of non-object in C:\xampp\htdocs\schoolite-offline-v1\app\Http\Controllers\HomeController.php:56
Stack trace:
#0 C:\xampp\htdocs\schoolite-offline-v1\app\Http\Controllers\HomeController.php(56): Illuminate\Foundation\Bootstrap\HandleExceptions->handleError(8, 'Trying to get p...', 'C:\\xampp\\htdocs...', 56, Array)
#1 [internal function]: App\Http\Controllers\HomeController->setup(Object(Illuminate\Http\Request))
#2 C:\xampp\htdocs\schoolite-offline-v1\vendor\laravel\framework\src\Illuminate\Routing\Controller.php(55): call_user_func_array(Array, Array)
#3 C:\xampp\htdocs\schoolite-offline-v1\vendor\laravel\framework\src\Illuminate\Routing\ControllerDispatcher.php(44): Illuminate\Routing\Controller->callAction('setup', Array)
#4 C:\xampp\htdocs\schoolite-offline-v1\vendor\laravel\framework\src\Illuminate\Routing\Route.php(189): Illuminate\Routing\ControllerDispatcher->dispatch(Object(Illuminate\Routing\Route), Object(App\Http\Controllers\HomeController), 'setup')
#5 C:\xampp\htdocs\schoolite-offline-v1\vendor\laravel\framework\src\Illuminate\Routing\Route.php(144): Illuminate\Routing\Route->runController()
#6 C:\xampp\htdocs\schoolite-offline-v1\vendor\laravel\framework\src\Illuminate\Routing\Router.php(642): Illuminate\Routing\Route->run(Object(Illuminate\Http\Request))
#7 C:\xampp\htdocs\schoolite-offline-v1\vendor\laravel\framework\src\Illuminate\Routing\Pipeline.php(53): Illuminate\Routing\Router->Illuminate\Routing\{closure}(Object(Illuminate\Http\Request))
#8 C:\xampp\htdocs\schoolite-offline-v1\app\Http\Middleware\RedirectIfAuthenticated.php(24): Illuminate\Routing\Pipeline->Illuminate\Routing\{closure}(Object(Illuminate\Http\Request))
#9 C:\xampp\htdocs\schoolite-offline-v1\vendor\laravel\framework\src\Illuminate\Pipeline\Pipeline.php(137): App\Http\Middleware\RedirectIfAuthenticated->handle(Object(Illuminate\Http\Request), Object(Closure))
#10 C:\xampp\htdocs\schoolite-offline-v1\vendor\laravel\framework\src\Illuminate\Routing\Pipeline.php(33): Illuminate\Pipeline\Pipeline->Illuminate\Pipeline\{closure}(Object(Illuminate\Http\Request))
#11 C:\xampp\htdocs\schoolite-offline-v1\app\Http\Middleware\AdminExist.php(31): Illuminate\Routing\Pipeline->Illuminate\Routing\{closure}(Object(Illuminate\Http\Request))
#12 C:\xampp\htdocs\schoolite-offline-v1\vendor\laravel\framework\src\Illuminate\Pipeline\Pipeline.php(137): App\Http\Middleware\AdminExist->handle(Object(Illuminate\Http\Request), Object(Closure))
#13 C:\xampp\htdocs\schoolite-offline-v1\vendor\laravel\framework\src\Illuminate\Routing\Pipeline.php(33): Illuminate\Pipeline\Pipeline->Illuminate\Pipeline\{closure}(Object(Illuminate\Http\Request))
#14 C:\xampp\htdocs\schoolite-offline-v1\vendor\laravel\framework\src\Illuminate\Routing\Middleware\SubstituteBindings.php(41): Illuminate\Routing\Pipeline->Illuminate\Routing\{closure}(Object(Illuminate\Http\Request))
#15 C:\xampp\htdocs\schoolite-offline-v1\vendor\laravel\framework\src\Illuminate\Pipeline\Pipeline.php(137): Illuminate\Routing\Middleware\SubstituteBindings->handle(Object(Illuminate\Http\Request), Object(Closure))
#16 C:\xampp\htdocs\schoolite-offline-v1\vendor\laravel\framework\src\Illuminate\Routing\Pipeline.php(33): Illuminate\Pipeline\Pipeline->Illuminate\Pipeline\{closure}(Object(Illuminate\Http\Request))
#17 C:\xampp\htdocs\schoolite-offline-v1\vendor\laravel\framework\src\Illuminate\Foundation\Http\Middleware\VerifyCsrfToken.php(65): Illuminate\Routing\Pipeline->Illuminate\Routing\{closure}(Object(Illuminate\Http\Request))
#18 C:\xampp\htdocs\schoolite-offline-v1\vendor\laravel\framework\src\Illuminate\Pipeline\Pipeline.php(137): Illuminate\Foundation\Http\Middleware\VerifyCsrfToken->handle(Object(Illuminate\Http\Request), Object(Closure))
#19 C:\xampp\htdocs\schoolite-offline-v1\vendor\laravel\framework\src\Illuminate\Routing\Pipeline.php(33): Illuminate\Pipeline\Pipeline->Illuminate\Pipeline\{closure}(Object(Illuminate\Http\Request))
#20 C:\xampp\htdocs\schoolite-offline-v1\vendor\laravel\framework\src\Illuminate\View\Middleware\ShareErrorsFromSession.php(49): Illuminate\Routing\Pipeline->Illuminate\Routing\{closure}(Object(Illuminate\Http\Request))
#21 C:\xampp\htdocs\schoolite-offline-v1\vendor\laravel\framework\src\Illuminate\Pipeline\Pipeline.php(137): Illuminate\View\Middleware\ShareErrorsFromSession->handle(Object(Illuminate\Http\Request), Object(Closure))
#22 C:\xampp\htdocs\schoolite-offline-v1\vendor\laravel\framework\src\Illuminate\Routing\Pipeline.php(33): Illuminate\Pipeline\Pipeline->Illuminate\Pipeline\{closure}(Object(Illuminate\Http\Request))
#23 C:\xampp\htdocs\schoolite-offline-v1\vendor\laravel\framework\src\Illuminate\Session\Middleware\StartSession.php(64): Illuminate\Routing\Pipeline->Illuminate\Routing\{closure}(Object(Illuminate\Http\Request))
#24 C:\xampp\htdocs\schoolite-offline-v1\vendor\laravel\framework\src\Illuminate\Pipeline\Pipeline.php(137): Illuminate\Session\Middleware\StartSession->handle(Object(Illuminate\Http\Request), Object(Closure))
#25 C:\xampp\htdocs\schoolite-offline-v1\vendor\laravel\framework\src\Illuminate\Routing\Pipeline.php(33): Illuminate\Pipeline\Pipeline->Illuminate\Pipeline\{closure}(Object(Illuminate\Http\Request))
#26 C:\xampp\htdocs\schoolite-offline-v1\vendor\laravel\framework\src\Illuminate\Cookie\Middleware\AddQueuedCookiesToResponse.php(37): Illuminate\Routing\Pipeline->Illuminate\Routing\{closure}(Object(Illuminate\Http\Request))
#27 C:\xampp\htdocs\schoolite-offline-v1\vendor\laravel\framework\src\Illuminate\Pipeline\Pipeline.php(137): Illuminate\Cookie\Middleware\AddQueuedCookiesToResponse->handle(Object(Illuminate\Http\Request), Object(Closure))
#28 C:\xampp\htdocs\schoolite-offline-v1\vendor\laravel\framework\src\Illuminate\Routing\Pipeline.php(33): Illuminate\Pipeline\Pipeline->Illuminate\Pipeline\{closure}(Object(Illuminate\Http\Request))
#29 C:\xampp\htdocs\schoolite-offline-v1\vendor\laravel\framework\src\Illuminate\Cookie\Middleware\EncryptCookies.php(59): Illuminate\Routing\Pipeline->Illuminate\Routing\{closure}(Object(Illuminate\Http\Request))
#30 C:\xampp\htdocs\schoolite-offline-v1\vendor\laravel\framework\src\Illuminate\Pipeline\Pipeline.php(137): Illuminate\Cookie\Middleware\EncryptCookies->handle(Object(Illuminate\Http\Request), Object(Closure))
#31 C:\xampp\htdocs\schoolite-offline-v1\vendor\laravel\framework\src\Illuminate\Routing\Pipeline.php(33): Illuminate\Pipeline\Pipeline->Illuminate\Pipeline\{closure}(Object(Illuminate\Http\Request))
#32 C:\xampp\htdocs\schoolite-offline-v1\vendor\laravel\framework\src\Illuminate\Pipeline\Pipeline.php(104): Illuminate\Routing\Pipeline->Illuminate\Routing\{closure}(Object(Illuminate\Http\Request))
#33 C:\xampp\htdocs\schoolite-offline-v1\vendor\laravel\framework\src\Illuminate\Routing\Router.php(644): Illuminate\Pipeline\Pipeline->then(Object(Closure))
#34 C:\xampp\htdocs\schoolite-offline-v1\vendor\laravel\framework\src\Illuminate\Routing\Router.php(618): Illuminate\Routing\Router->runRouteWithinStack(Object(Illuminate\Routing\Route), Object(Illuminate\Http\Request))
#35 C:\xampp\htdocs\schoolite-offline-v1\vendor\laravel\framework\src\Illuminate\Routing\Router.php(596): Illuminate\Routing\Router->dispatchToRoute(Object(Illuminate\Http\Request))
#36 C:\xampp\htdocs\schoolite-offline-v1\vendor\laravel\framework\src\Illuminate\Foundation\Http\Kernel.php(267): Illuminate\Routing\Router->dispatch(Object(Illuminate\Http\Request))
#37 C:\xampp\htdocs\schoolite-offline-v1\vendor\laravel\framework\src\Illuminate\Routing\Pipeline.php(53): Illuminate\Foundation\Http\Kernel->Illuminate\Foundation\Http\{closure}(Object(Illuminate\Http\Request))
#38 C:\xampp\htdocs\schoolite-offline-v1\vendor\laravel\framework\src\Illuminate\Foundation\Http\Middleware\CheckForMaintenanceMode.php(46): Illuminate\Routing\Pipeline->Illuminate\Routing\{closure}(Object(Illuminate\Http\Request))
#39 C:\xampp\htdocs\schoolite-offline-v1\vendor\laravel\framework\src\Illuminate\Pipeline\Pipeline.php(137): Illuminate\Foundation\Http\Middleware\CheckForMaintenanceMode->handle(Object(Illuminate\Http\Request), Object(Closure))
#40 C:\xampp\htdocs\schoolite-offline-v1\vendor\laravel\framework\src\Illuminate\Routing\Pipeline.php(33): Illuminate\Pipeline\Pipeline->Illuminate\Pipeline\{closure}(Object(Illuminate\Http\Request))
#41 C:\xampp\htdocs\schoolite-offline-v1\vendor\laravel\framework\src\Illuminate\Pipeline\Pipeline.php(104): Illuminate\Routing\Pipeline->Illuminate\Routing\{closure}(Object(Illuminate\Http\Request))
#42 C:\xampp\htdocs\schoolite-offline-v1\vendor\laravel\framework\src\Illuminate\Foundation\Http\Kernel.php(149): Illuminate\Pipeline\Pipeline->then(Object(Closure))
#43 C:\xampp\htdocs\schoolite-offline-v1\vendor\laravel\framework\src\Illuminate\Foundation\Http\Kernel.php(116): Illuminate\Foundation\Http\Kernel->sendRequestThroughRouter(Object(Illuminate\Http\Request))
#44 C:\xampp\htdocs\schoolite-offline-v1\public\index.php(53): Illuminate\Foundation\Http\Kernel->handle(Object(Illuminate\Http\Request))
#45 {main}  
[2016-11-07 18:03:24] local.ERROR: ErrorException: Trying to get property of non-object in C:\xampp\htdocs\schoolite-offline-v1\app\Http\Middleware\AdminExist.php:24
Stack trace:
#0 C:\xampp\htdocs\schoolite-offline-v1\app\Http\Middleware\AdminExist.php(24): Illuminate\Foundation\Bootstrap\HandleExceptions->handleError(8, 'Trying to get p...', 'C:\\xampp\\htdocs...', 24, Array)
#1 C:\xampp\htdocs\schoolite-offline-v1\vendor\laravel\framework\src\Illuminate\Pipeline\Pipeline.php(137): App\Http\Middleware\AdminExist->handle(Object(Illuminate\Http\Request), Object(Closure))
#2 C:\xampp\htdocs\schoolite-offline-v1\vendor\laravel\framework\src\Illuminate\Routing\Pipeline.php(33): Illuminate\Pipeline\Pipeline->Illuminate\Pipeline\{closure}(Object(Illuminate\Http\Request))
#3 C:\xampp\htdocs\schoolite-offline-v1\vendor\laravel\framework\src\Illuminate\Routing\Middleware\SubstituteBindings.php(41): Illuminate\Routing\Pipeline->Illuminate\Routing\{closure}(Object(Illuminate\Http\Request))
#4 C:\xampp\htdocs\schoolite-offline-v1\vendor\laravel\framework\src\Illuminate\Pipeline\Pipeline.php(137): Illuminate\Routing\Middleware\SubstituteBindings->handle(Object(Illuminate\Http\Request), Object(Closure))
#5 C:\xampp\htdocs\schoolite-offline-v1\vendor\laravel\framework\src\Illuminate\Routing\Pipeline.php(33): Illuminate\Pipeline\Pipeline->Illuminate\Pipeline\{closure}(Object(Illuminate\Http\Request))
#6 C:\xampp\htdocs\schoolite-offline-v1\vendor\laravel\framework\src\Illuminate\Foundation\Http\Middleware\VerifyCsrfToken.php(65): Illuminate\Routing\Pipeline->Illuminate\Routing\{closure}(Object(Illuminate\Http\Request))
#7 C:\xampp\htdocs\schoolite-offline-v1\vendor\laravel\framework\src\Illuminate\Pipeline\Pipeline.php(137): Illuminate\Foundation\Http\Middleware\VerifyCsrfToken->handle(Object(Illuminate\Http\Request), Object(Closure))
#8 C:\xampp\htdocs\schoolite-offline-v1\vendor\laravel\framework\src\Illuminate\Routing\Pipeline.php(33): Illuminate\Pipeline\Pipeline->Illuminate\Pipeline\{closure}(Object(Illuminate\Http\Request))
#9 C:\xampp\htdocs\schoolite-offline-v1\vendor\laravel\framework\src\Illuminate\View\Middleware\ShareErrorsFromSession.php(49): Illuminate\Routing\Pipeline->Illuminate\Routing\{closure}(Object(Illuminate\Http\Request))
#10 C:\xampp\htdocs\schoolite-offline-v1\vendor\laravel\framework\src\Illuminate\Pipeline\Pipeline.php(137): Illuminate\View\Middleware\ShareErrorsFromSession->handle(Object(Illuminate\Http\Request), Object(Closure))
#11 C:\xampp\htdocs\schoolite-offline-v1\vendor\laravel\framework\src\Illuminate\Routing\Pipeline.php(33): Illuminate\Pipeline\Pipeline->Illuminate\Pipeline\{closure}(Object(Illuminate\Http\Request))
#12 C:\xampp\htdocs\schoolite-offline-v1\vendor\laravel\framework\src\Illuminate\Session\Middleware\StartSession.php(64): Illuminate\Routing\Pipeline->Illuminate\Routing\{closure}(Object(Illuminate\Http\Request))
#13 C:\xampp\htdocs\schoolite-offline-v1\vendor\laravel\framework\src\Illuminate\Pipeline\Pipeline.php(137): Illuminate\Session\Middleware\StartSession->handle(Object(Illuminate\Http\Request), Object(Closure))
#14 C:\xampp\htdocs\schoolite-offline-v1\vendor\laravel\framework\src\Illuminate\Routing\Pipeline.php(33): Illuminate\Pipeline\Pipeline->Illuminate\Pipeline\{closure}(Object(Illuminate\Http\Request))
#15 C:\xampp\htdocs\schoolite-offline-v1\vendor\laravel\framework\src\Illuminate\Cookie\Middleware\AddQueuedCookiesToResponse.php(37): Illuminate\Routing\Pipeline->Illuminate\Routing\{closure}(Object(Illuminate\Http\Request))
#16 C:\xampp\htdocs\schoolite-offline-v1\vendor\laravel\framework\src\Illuminate\Pipeline\Pipeline.php(137): Illuminate\Cookie\Middleware\AddQueuedCookiesToResponse->handle(Object(Illuminate\Http\Request), Object(Closure))
#17 C:\xampp\htdocs\schoolite-offline-v1\vendor\laravel\framework\src\Illuminate\Routing\Pipeline.php(33): Illuminate\Pipeline\Pipeline->Illuminate\Pipeline\{closure}(Object(Illuminate\Http\Request))
#18 C:\xampp\htdocs\schoolite-offline-v1\vendor\laravel\framework\src\Illuminate\Cookie\Middleware\EncryptCookies.php(59): Illuminate\Routing\Pipeline->Illuminate\Routing\{closure}(Object(Illuminate\Http\Request))
#19 C:\xampp\htdocs\schoolite-offline-v1\vendor\laravel\framework\src\Illuminate\Pipeline\Pipeline.php(137): Illuminate\Cookie\Middleware\EncryptCookies->handle(Object(Illuminate\Http\Request), Object(Closure))
#20 C:\xampp\htdocs\schoolite-offline-v1\vendor\laravel\framework\src\Illuminate\Routing\Pipeline.php(33): Illuminate\Pipeline\Pipeline->Illuminate\Pipeline\{closure}(Object(Illuminate\Http\Request))
#21 C:\xampp\htdocs\schoolite-offline-v1\vendor\laravel\framework\src\Illuminate\Pipeline\Pipeline.php(104): Illuminate\Routing\Pipeline->Illuminate\Routing\{closure}(Object(Illuminate\Http\Request))
#22 C:\xampp\htdocs\schoolite-offline-v1\vendor\laravel\framework\src\Illuminate\Routing\Router.php(644): Illuminate\Pipeline\Pipeline->then(Object(Closure))
#23 C:\xampp\htdocs\schoolite-offline-v1\vendor\laravel\framework\src\Illuminate\Routing\Router.php(618): Illuminate\Routing\Router->runRouteWithinStack(Object(Illuminate\Routing\Route), Object(Illuminate\Http\Request))
#24 C:\xampp\htdocs\schoolite-offline-v1\vendor\laravel\framework\src\Illuminate\Routing\Router.php(596): Illuminate\Routing\Router->dispatchToRoute(Object(Illuminate\Http\Request))
#25 C:\xampp\htdocs\schoolite-offline-v1\vendor\laravel\framework\src\Illuminate\Foundation\Http\Kernel.php(267): Illuminate\Routing\Router->dispatch(Object(Illuminate\Http\Request))
#26 C:\xampp\htdocs\schoolite-offline-v1\vendor\laravel\framework\src\Illuminate\Routing\Pipeline.php(53): Illuminate\Foundation\Http\Kernel->Illuminate\Foundation\Http\{closure}(Object(Illuminate\Http\Request))
#27 C:\xampp\htdocs\schoolite-offline-v1\vendor\laravel\framework\src\Illuminate\Foundation\Http\Middleware\CheckForMaintenanceMode.php(46): Illuminate\Routing\Pipeline->Illuminate\Routing\{closure}(Object(Illuminate\Http\Request))
#28 C:\xampp\htdocs\schoolite-offline-v1\vendor\laravel\framework\src\Illuminate\Pipeline\Pipeline.php(137): Illuminate\Foundation\Http\Middleware\CheckForMaintenanceMode->handle(Object(Illuminate\Http\Request), Object(Closure))
#29 C:\xampp\htdocs\schoolite-offline-v1\vendor\laravel\framework\src\Illuminate\Routing\Pipeline.php(33): Illuminate\Pipeline\Pipeline->Illuminate\Pipeline\{closure}(Object(Illuminate\Http\Request))
#30 C:\xampp\htdocs\schoolite-offline-v1\vendor\laravel\framework\src\Illuminate\Pipeline\Pipeline.php(104): Illuminate\Routing\Pipeline->Illuminate\Routing\{closure}(Object(Illuminate\Http\Request))
#31 C:\xampp\htdocs\schoolite-offline-v1\vendor\laravel\framework\src\Illuminate\Foundation\Http\Kernel.php(149): Illuminate\Pipeline\Pipeline->then(Object(Closure))
#32 C:\xampp\htdocs\schoolite-offline-v1\vendor\laravel\framework\src\Illuminate\Foundation\Http\Kernel.php(116): Illuminate\Foundation\Http\Kernel->sendRequestThroughRouter(Object(Illuminate\Http\Request))
#33 C:\xampp\htdocs\schoolite-offline-v1\public\index.php(53): Illuminate\Foundation\Http\Kernel->handle(Object(Illuminate\Http\Request))
#34 {main}  
